  Building 'libcpp' with toolset 'WindowsKernelModeDriver10.0' and the 'Universal' target platform.
  libcpp.cpp
D:\CORE_WEB_SYSTEM_WEB\alpine\libraries\libcpp\src\memory.h(20,79): error C2220: 以下警告被视为错误
  (编译源文件“../../../../../libraries/libcpp/src/libcpp.cpp”)
  
D:\CORE_WEB_SYSTEM_WEB\alpine\libraries\libcpp\src\memory.h(20,79): warning C4100: “target”: 未引用的形参
  (编译源文件“../../../../../libraries/libcpp/src/libcpp.cpp”)
  
D:\CORE_WEB_SYSTEM_WEB\alpine\libraries\libcpp\src\memory.h(20,57): warning C4100: “length”: 未引用的形参
  (编译源文件“../../../../../libraries/libcpp/src/libcpp.cpp”)
  
D:\CORE_WEB_SYSTEM_WEB\alpine\libraries\libcpp\src\memory.h(20,38): warning C4100: “source”: 未引用的形参
  (编译源文件“../../../../../libraries/libcpp/src/libcpp.cpp”)
  
D:\CORE_WEB_SYSTEM_WEB\alpine\libraries\libcpp\src\array.h(20,35): warning C4275: 非 dll 接口 class“foxintango::Object”用作 dll 接口 class“foxintango::Array<T>”的基
  (编译源文件“../../../../../libraries/libcpp/src/libcpp.cpp”)
  D:\CORE_WEB_SYSTEM_WEB\alpine\libraries\libcpp\src\object.h(30,7):
  参见“foxintango::Object”的声明
  D:\CORE_WEB_SYSTEM_WEB\alpine\libraries\libcpp\src\array.h(20,21):
  参见“foxintango::Array<T>”的声明
  D:\CORE_WEB_SYSTEM_WEB\alpine\libraries\libcpp\src\array.h(20,35):
  模板实例化上下文(最早的实例化上下文)为
  	D:\CORE_WEB_SYSTEM_WEB\alpine\libraries\libcpp\src\array.h(20,21):
  	在编译类模板“foxintango::Array”时
  
D:\CORE_WEB_SYSTEM_WEB\alpine\libraries\libcpp\src\tree.h(286,12): warning C4099: “foxintango::tree_node_s<T>”: 类型名称以前使用“class”现在使用的是“struct”
  (编译源文件“../../../../../libraries/libcpp/src/libcpp.cpp”)
  D:\CORE_WEB_SYSTEM_WEB\alpine\libraries\libcpp\src\tree.h(283,7):
  参见“foxintango::tree_node_s<T>”的声明
  D:\CORE_WEB_SYSTEM_WEB\alpine\libraries\libcpp\src\tree.h(286,12):
  模板实例化上下文(最早的实例化上下文)为
  	D:\CORE_WEB_SYSTEM_WEB\alpine\libraries\libcpp\src\tree.h(283,7):
  	在编译类模板“foxintango::tree_node_s”时
  
D:\CORE_WEB_SYSTEM_WEB\alpine\libraries\libcpp\src\tree.h(289,12): warning C4099: “foxintango::tree_node_s<T>”: 类型名称以前使用“class”现在使用的是“struct”
  (编译源文件“../../../../../libraries/libcpp/src/libcpp.cpp”)
  D:\CORE_WEB_SYSTEM_WEB\alpine\libraries\libcpp\src\tree.h(283,7):
  参见“foxintango::tree_node_s<T>”的声明
  
D:\CORE_WEB_SYSTEM_WEB\alpine\libraries\libcpp\src\tree.h(292,12): warning C4099: “foxintango::tree_node_s<T>”: 类型名称以前使用“class”现在使用的是“struct”
  (编译源文件“../../../../../libraries/libcpp/src/libcpp.cpp”)
  D:\CORE_WEB_SYSTEM_WEB\alpine\libraries\libcpp\src\tree.h(283,7):
  参见“foxintango::tree_node_s<T>”的声明
  
D:\CORE_WEB_SYSTEM_WEB\alpine\libraries\libcpp\src\hash.h(8,78): warning C4100: “end”: 未引用的形参
  (编译源文件“../../../../../libraries/libcpp/src/libcpp.cpp”)
  
D:\CORE_WEB_SYSTEM_WEB\alpine\libraries\libcpp\src\hash.h(8,39): warning C4100: “seed”: 未引用的形参
  (编译源文件“../../../../../libraries/libcpp/src/libcpp.cpp”)
  
D:\CORE_WEB_SYSTEM_WEB\alpine\libraries\libcpp\src\hash.h(12,91): warning C4100: “end”: 未引用的形参
  (编译源文件“../../../../../libraries/libcpp/src/libcpp.cpp”)
  
D:\CORE_WEB_SYSTEM_WEB\alpine\libraries\libcpp\src\hash.h(12,52): warning C4100: “seed”: 未引用的形参
  (编译源文件“../../../../../libraries/libcpp/src/libcpp.cpp”)
  
C:\Program Files\Microsoft Visual Studio\2022\Preview\VC\Tools\MSVC\14.39.33321\include\vcruntime.h(61,26): warning C4083: 应输入“)”；找到标识符“_VCRUNTIME_DISABLED_WARNINGS”
  (编译源文件“../../../../../libraries/libcpp/src/libcpp.cpp”)
  
C:\Program Files\Microsoft Visual Studio\2022\Preview\VC\Tools\MSVC\14.39.33321\include\stdint.h(16,26): warning C4083: 应输入“)”；找到标识符“_VCRUNTIME_DISABLED_WARNINGS”
  (编译源文件“../../../../../libraries/libcpp/src/libcpp.cpp”)
  
D:\CORE_WEB_SYSTEM_WEB\alpine\libraries\libcpp\src\array.h(20,35): warning C4275: 非 dll 接口 class“foxintango::Object”用作 dll 接口 class“foxintango::Array<int>”的基
  (编译源文件“../../../../../libraries/libcpp/src/libcpp.cpp”)
  D:\CORE_WEB_SYSTEM_WEB\alpine\libraries\libcpp\src\object.h(30,7):
  参见“foxintango::Object”的声明
  D:\CORE_WEB_SYSTEM_WEB\alpine\libraries\libcpp\src\array.h(20,21):
  参见“foxintango::Array<int>”的声明
  D:\CORE_WEB_SYSTEM_WEB\alpine\libraries\libcpp\src\array.h(20,35):
  模板实例化上下文(最早的实例化上下文)为
  	D:\CORE_WEB_SYSTEM_WEB\alpine\libraries\libcpp\src\libcpp.cpp(38,16):
  	查看对正在编译的 类 模板 实例化“foxintango::Array<int>”的引用
  
D:\CORE_WEB_SYSTEM_WEB\alpine\libraries\libcpp\src\array.h(24,20): warning C4251: “foxintango::Array<int>::T_NULL”: union“foxintango::mem_element<T>”需要有 dll 接口由 class“foxintango::Array<int>”的客户端使用 
D:\CORE_WEB_SYSTEM_WEB\alpine\libraries\libcpp\src\array.h(24,20): warning C4251:         with
D:\CORE_WEB_SYSTEM_WEB\alpine\libraries\libcpp\src\array.h(24,20): warning C4251:         [
D:\CORE_WEB_SYSTEM_WEB\alpine\libraries\libcpp\src\array.h(24,20): warning C4251:             T=int
D:\CORE_WEB_SYSTEM_WEB\alpine\libraries\libcpp\src\array.h(24,20): warning C4251:         ]
  (编译源文件“../../../../../libraries/libcpp/src/libcpp.cpp”)
  D:\CORE_WEB_SYSTEM_WEB\alpine\libraries\libcpp\src\struct.h(10,7):
  参见“foxintango::mem_element<T>”的声明
          with
          [
              T=int
          ]
  
D:\CORE_WEB_SYSTEM_WEB\alpine\libraries\libcpp\src\array.h(38,51): warning C4309: “参数”: 截断常量值
  (编译源文件“../../../../../libraries/libcpp/src/libcpp.cpp”)
  D:\CORE_WEB_SYSTEM_WEB\alpine\libraries\libcpp\src\array.h(38,51):
  模板实例化上下文(最早的实例化上下文)为
  	D:\CORE_WEB_SYSTEM_WEB\alpine\libraries\libcpp\src\libcpp.cpp(38,16):
  	查看对正在编译的 类 模板 实例化“foxintango::Array<int>”的引用
  	D:\CORE_WEB_SYSTEM_WEB\alpine\libraries\libcpp\src\array.h(29,5):
  	在编译 类 模板 成员函数“foxintango::Array<int>::Array(void)”时
  		D:\CORE_WEB_SYSTEM_WEB\alpine\libraries\libcpp\src\libcpp.cpp(38,16):
  		请参阅 "sample_array" 中对 "foxintango::Array<int>::Array" 的第一个引用
  
D:\CORE_WEB_SYSTEM_WEB\alpine\libraries\libcpp\src\struct.h(14,19): warning C4127: 条件表达式是常量
  (编译源文件“../../../../../libraries/libcpp/src/libcpp.cpp”)
  D:\CORE_WEB_SYSTEM_WEB\alpine\libraries\libcpp\src\struct.h(14,19):
  模板实例化上下文(最早的实例化上下文)为
  	D:\CORE_WEB_SYSTEM_WEB\alpine\libraries\libcpp\src\array.h(24,20):
  	查看对正在编译的 类 模板 实例化“foxintango::mem_element<T>”的引用
          with
          [
              T=int
          ]
  	D:\CORE_WEB_SYSTEM_WEB\alpine\libraries\libcpp\src\struct.h(13,2):
  	在编译 类 模板 成员函数“foxintango::mem_element<T>::mem_element(void)”时
          with
          [
              T=int
          ]
  		D:\CORE_WEB_SYSTEM_WEB\alpine\libraries\libcpp\src\array.h(29,13):
  		请参阅 "foxintango::Array<int>::Array" 中对 "foxintango::mem_element<T>::mem_element" 的第一个引用
          with
          [
              T=int
          ]
  		D:\CORE_WEB_SYSTEM_WEB\alpine\libraries\libcpp\src\libcpp.cpp(38,16):
  		请参阅 "sample_array" 中对 "foxintango::Array<int>::Array" 的第一个引用
  
  object.cpp
D:\CORE_WEB_SYSTEM_WEB\alpine\libraries\libcpp\src\object.cpp(15,30): error C2220: 以下警告被视为错误
D:\CORE_WEB_SYSTEM_WEB\alpine\libraries\libcpp\src\object.cpp(15,30): warning C4018: “<”: 有符号/无符号不匹配
  shell.cpp
  string.cpp
D:\CORE_WEB_SYSTEM_WEB\alpine\libraries\libcpp\src\string.cpp(3,35): error C2220: 以下警告被视为错误
D:\CORE_WEB_SYSTEM_WEB\alpine\libraries\libcpp\src\string.cpp(3,35): warning C4100: “unicode”: 未引用的形参
  tst.cpp
D:\CORE_WEB_SYSTEM_WEB\alpine\libraries\libcpp\src\memory.h(20,79): error C2220: 以下警告被视为错误
  (编译源文件“../../../../../libraries/libcpp/src/tst.cpp”)
  
D:\CORE_WEB_SYSTEM_WEB\alpine\libraries\libcpp\src\memory.h(20,79): warning C4100: “target”: 未引用的形参
  (编译源文件“../../../../../libraries/libcpp/src/tst.cpp”)
  
D:\CORE_WEB_SYSTEM_WEB\alpine\libraries\libcpp\src\memory.h(20,57): warning C4100: “length”: 未引用的形参
  (编译源文件“../../../../../libraries/libcpp/src/tst.cpp”)
  
D:\CORE_WEB_SYSTEM_WEB\alpine\libraries\libcpp\src\memory.h(20,38): warning C4100: “source”: 未引用的形参
  (编译源文件“../../../../../libraries/libcpp/src/tst.cpp”)
  
D:\CORE_WEB_SYSTEM_WEB\alpine\libraries\libcpp\src\array.h(20,35): warning C4275: 非 dll 接口 class“foxintango::Object”用作 dll 接口 class“foxintango::Array<T>”的基
  (编译源文件“../../../../../libraries/libcpp/src/tst.cpp”)
  D:\CORE_WEB_SYSTEM_WEB\alpine\libraries\libcpp\src\object.h(30,7):
  参见“foxintango::Object”的声明
  D:\CORE_WEB_SYSTEM_WEB\alpine\libraries\libcpp\src\array.h(20,21):
  参见“foxintango::Array<T>”的声明
  D:\CORE_WEB_SYSTEM_WEB\alpine\libraries\libcpp\src\array.h(20,35):
  模板实例化上下文(最早的实例化上下文)为
  	D:\CORE_WEB_SYSTEM_WEB\alpine\libraries\libcpp\src\array.h(20,21):
  	在编译类模板“foxintango::Array”时
  
D:\CORE_WEB_SYSTEM_WEB\alpine\libraries\libcpp\src\tree.h(286,12): warning C4099: “foxintango::tree_node_s<T>”: 类型名称以前使用“class”现在使用的是“struct”
  (编译源文件“../../../../../libraries/libcpp/src/tst.cpp”)
  D:\CORE_WEB_SYSTEM_WEB\alpine\libraries\libcpp\src\tree.h(283,7):
  参见“foxintango::tree_node_s<T>”的声明
  D:\CORE_WEB_SYSTEM_WEB\alpine\libraries\libcpp\src\tree.h(286,12):
  模板实例化上下文(最早的实例化上下文)为
  	D:\CORE_WEB_SYSTEM_WEB\alpine\libraries\libcpp\src\tree.h(283,7):
  	在编译类模板“foxintango::tree_node_s”时
  
D:\CORE_WEB_SYSTEM_WEB\alpine\libraries\libcpp\src\tree.h(289,12): warning C4099: “foxintango::tree_node_s<T>”: 类型名称以前使用“class”现在使用的是“struct”
  (编译源文件“../../../../../libraries/libcpp/src/tst.cpp”)
  D:\CORE_WEB_SYSTEM_WEB\alpine\libraries\libcpp\src\tree.h(283,7):
  参见“foxintango::tree_node_s<T>”的声明
  
D:\CORE_WEB_SYSTEM_WEB\alpine\libraries\libcpp\src\tree.h(292,12): warning C4099: “foxintango::tree_node_s<T>”: 类型名称以前使用“class”现在使用的是“struct”
  (编译源文件“../../../../../libraries/libcpp/src/tst.cpp”)
  D:\CORE_WEB_SYSTEM_WEB\alpine\libraries\libcpp\src\tree.h(283,7):
  参见“foxintango::tree_node_s<T>”的声明
  
D:\CORE_WEB_SYSTEM_WEB\alpine\libraries\libcpp\src\hash.h(8,78): warning C4100: “end”: 未引用的形参
  (编译源文件“../../../../../libraries/libcpp/src/tst.cpp”)
  
D:\CORE_WEB_SYSTEM_WEB\alpine\libraries\libcpp\src\hash.h(8,39): warning C4100: “seed”: 未引用的形参
  (编译源文件“../../../../../libraries/libcpp/src/tst.cpp”)
  
D:\CORE_WEB_SYSTEM_WEB\alpine\libraries\libcpp\src\hash.h(12,91): warning C4100: “end”: 未引用的形参
  (编译源文件“../../../../../libraries/libcpp/src/tst.cpp”)
  
D:\CORE_WEB_SYSTEM_WEB\alpine\libraries\libcpp\src\hash.h(12,52): warning C4100: “seed”: 未引用的形参
  (编译源文件“../../../../../libraries/libcpp/src/tst.cpp”)
  
C:\Program Files\Microsoft Visual Studio\2022\Preview\VC\Tools\MSVC\14.39.33321\include\vcruntime.h(61,26): warning C4083: 应输入“)”；找到标识符“_VCRUNTIME_DISABLED_WARNINGS”
  (编译源文件“../../../../../libraries/libcpp/src/tst.cpp”)
  
C:\Program Files\Microsoft Visual Studio\2022\Preview\VC\Tools\MSVC\14.39.33321\include\stdint.h(16,26): warning C4083: 应输入“)”；找到标识符“_VCRUNTIME_DISABLED_WARNINGS”
  (编译源文件“../../../../../libraries/libcpp/src/tst.cpp”)
  
C:\Program Files (x86)\Windows Kits\10\Include\10.0.22621.0\km\crt\crtdefs.h(85,1): warning C4005: “_CRT_STRINGIZE”: 宏重定义
  (编译源文件“../../../../../libraries/libcpp/src/tst.cpp”)
  C:\Program Files\Microsoft Visual Studio\2022\Preview\VC\Tools\MSVC\14.39.33321\include\vcruntime.h(111,1):
  参见“_CRT_STRINGIZE”的前一个定义
  
C:\Program Files (x86)\Windows Kits\10\Include\10.0.22621.0\km\crt\crtdefs.h(88,1): warning C4005: “_CRT_WIDE”: 宏重定义
  (编译源文件“../../../../../libraries/libcpp/src/tst.cpp”)
  C:\Program Files\Microsoft Visual Studio\2022\Preview\VC\Tools\MSVC\14.39.33321\include\vcruntime.h(114,1):
  参见“_CRT_WIDE”的前一个定义
  
C:\Program Files (x86)\Windows Kits\10\Include\10.0.22621.0\km\crt\crtdefs.h(589,1): warning C4005: “_CONST_RETURN”: 宏重定义
  (编译源文件“../../../../../libraries/libcpp/src/tst.cpp”)
  C:\Program Files\Microsoft Visual Studio\2022\Preview\VC\Tools\MSVC\14.39.33321\include\vcruntime.h(182,1):
  参见“_CONST_RETURN”的前一个定义
  
C:\Program Files (x86)\Windows Kits\10\Include\10.0.22621.0\km\crt\crtdefs.h(640,1): warning C4005: “__CRTDECL”: 宏重定义
  (编译源文件“../../../../../libraries/libcpp/src/tst.cpp”)
  C:\Program Files\Microsoft Visual Studio\2022\Preview\VC\Tools\MSVC\14.39.33321\include\vcruntime.h(155,1):
  参见“__CRTDECL”的前一个定义
  
C:\Program Files (x86)\Windows Kits\10\Include\10.0.22621.0\km\crt\yvals.h(35,1): warning C4005: “_STD”: 宏重定义
  (编译源文件“../../../../../libraries/libcpp/src/tst.cpp”)
  C:\Program Files\Microsoft Visual Studio\2022\Preview\VC\Tools\MSVC\14.39.33321\include\yvals_core.h(1946,1):
  参见“_STD”的前一个定义
  
C:\Program Files (x86)\Windows Kits\10\Include\10.0.22621.0\km\crt\yvals.h(37,1): warning C4005: “_STD_END”: 宏重定义
  (编译源文件“../../../../../libraries/libcpp/src/tst.cpp”)
  C:\Program Files\Microsoft Visual Studio\2022\Preview\VC\Tools\MSVC\14.39.33321\include\yvals_core.h(1945,1):
  参见“_STD_END”的前一个定义
  
C:\Program Files\Microsoft Visual Studio\2022\Preview\VC\Tools\MSVC\14.39.33321\include\cstdlib(22,41): error C2382: “abs”: 重定义；不同的异常规范
  (编译源文件“../../../../../libraries/libcpp/src/tst.cpp”)
  C:\Program Files (x86)\Windows Kits\10\Include\10.0.22621.0\km\crt\math.h(569,25):
  参见“abs”的声明
  
C:\Program Files\Microsoft Visual Studio\2022\Preview\VC\Tools\MSVC\14.39.33321\include\cstdlib(26,40): error C2382: “abs”: 重定义；不同的异常规范
  (编译源文件“../../../../../libraries/libcpp/src/tst.cpp”)
  C:\Program Files (x86)\Windows Kits\10\Include\10.0.22621.0\km\crt\math.h(573,24):
  参见“abs”的声明
  
C:\Program Files\Microsoft Visual Studio\2022\Preview\VC\Tools\MSVC\14.39.33321\include\cstdlib(30,46): error C2382: “abs”: 重定义；不同的异常规范
  (编译源文件“../../../../../libraries/libcpp/src/tst.cpp”)
  C:\Program Files (x86)\Windows Kits\10\Include\10.0.22621.0\km\crt\math.h(621,30):
  参见“abs”的声明
  
C:\Program Files\Microsoft Visual Studio\2022\Preview\VC\Tools\MSVC\14.39.33321\include\cstdlib(65,25): error C2039: "lldiv_t": 不是 "`global namespace'" 的成员
  (编译源文件“../../../../../libraries/libcpp/src/tst.cpp”)
  
C:\Program Files\Microsoft Visual Studio\2022\Preview\VC\Tools\MSVC\14.39.33321\include\cstdlib(65,13): error C2873: “lldiv_t”: 符号不能用在 using 声明中
  (编译源文件“../../../../../libraries/libcpp/src/tst.cpp”)
  
C:\Program Files\Microsoft Visual Studio\2022\Preview\VC\Tools\MSVC\14.39.33321\include\cstdlib(70,25): error C2039: "atoll": 不是 "`global namespace'" 的成员
  (编译源文件“../../../../../libraries/libcpp/src/tst.cpp”)
  
C:\Program Files\Microsoft Visual Studio\2022\Preview\VC\Tools\MSVC\14.39.33321\include\cstdlib(70,13): error C2873: “atoll”: 符号不能用在 using 声明中
  (编译源文件“../../../../../libraries/libcpp/src/tst.cpp”)
  
C:\Program Files\Microsoft Visual Studio\2022\Preview\VC\Tools\MSVC\14.39.33321\include\cstdlib(71,25): error C2039: "llabs": 不是 "`global namespace'" 的成员
  (编译源文件“../../../../../libraries/libcpp/src/tst.cpp”)
  
C:\Program Files\Microsoft Visual Studio\2022\Preview\VC\Tools\MSVC\14.39.33321\include\cstdlib(71,13): error C2873: “llabs”: 符号不能用在 using 声明中
  (编译源文件“../../../../../libraries/libcpp/src/tst.cpp”)
  
C:\Program Files\Microsoft Visual Studio\2022\Preview\VC\Tools\MSVC\14.39.33321\include\cstdlib(72,25): error C2039: "lldiv": 不是 "`global namespace'" 的成员
  (编译源文件“../../../../../libraries/libcpp/src/tst.cpp”)
  
C:\Program Files\Microsoft Visual Studio\2022\Preview\VC\Tools\MSVC\14.39.33321\include\cstdlib(72,13): error C2873: “lldiv”: 符号不能用在 using 声明中
  (编译源文件“../../../../../libraries/libcpp/src/tst.cpp”)
  
C:\Program Files\Microsoft Visual Studio\2022\Preview\VC\Tools\MSVC\14.39.33321\include\cstdlib(73,25): error C2039: "strtof": 不是 "`global namespace'" 的成员
  (编译源文件“../../../../../libraries/libcpp/src/tst.cpp”)
  
C:\Program Files\Microsoft Visual Studio\2022\Preview\VC\Tools\MSVC\14.39.33321\include\cstdlib(73,13): error C2873: “strtof”: 符号不能用在 using 声明中
  (编译源文件“../../../../../libraries/libcpp/src/tst.cpp”)
  
C:\Program Files\Microsoft Visual Studio\2022\Preview\VC\Tools\MSVC\14.39.33321\include\cstdlib(74,25): error C2039: "strtold": 不是 "`global namespace'" 的成员
  (编译源文件“../../../../../libraries/libcpp/src/tst.cpp”)
  
C:\Program Files\Microsoft Visual Studio\2022\Preview\VC\Tools\MSVC\14.39.33321\include\cstdlib(74,13): error C2873: “strtold”: 符号不能用在 using 声明中
  (编译源文件“../../../../../libraries/libcpp/src/tst.cpp”)
  
C:\Program Files\Microsoft Visual Studio\2022\Preview\VC\Tools\MSVC\14.39.33321\include\cstdlib(75,25): error C2039: "strtoll": 不是 "`global namespace'" 的成员
  (编译源文件“../../../../../libraries/libcpp/src/tst.cpp”)
  
C:\Program Files\Microsoft Visual Studio\2022\Preview\VC\Tools\MSVC\14.39.33321\include\cstdlib(75,13): error C2873: “strtoll”: 符号不能用在 using 声明中
  (编译源文件“../../../../../libraries/libcpp/src/tst.cpp”)
  
C:\Program Files\Microsoft Visual Studio\2022\Preview\VC\Tools\MSVC\14.39.33321\include\cstdlib(76,25): error C2039: "strtoull": 不是 "`global namespace'" 的成员
  (编译源文件“../../../../../libraries/libcpp/src/tst.cpp”)
  
C:\Program Files\Microsoft Visual Studio\2022\Preview\VC\Tools\MSVC\14.39.33321\include\cstdlib(76,13): error C2873: “strtoull”: 符号不能用在 using 声明中
  (编译源文件“../../../../../libraries/libcpp/src/tst.cpp”)
  
C:\Program Files\Microsoft Visual Studio\2022\Preview\VC\Tools\MSVC\14.39.33321\include\cstdlib(78,25): error C2039: "_Exit": 不是 "`global namespace'" 的成员
  (编译源文件“../../../../../libraries/libcpp/src/tst.cpp”)
  
C:\Program Files\Microsoft Visual Studio\2022\Preview\VC\Tools\MSVC\14.39.33321\include\cstdlib(78,13): error C2873: “_Exit”: 符号不能用在 using 声明中
  (编译源文件“../../../../../libraries/libcpp/src/tst.cpp”)
  
C:\Program Files\Microsoft Visual Studio\2022\Preview\VC\Tools\MSVC\14.39.33321\include\cstdlib(79,25): error C2039: "at_quick_exit": 不是 "`global namespace'" 的成员
  (编译源文件“../../../../../libraries/libcpp/src/tst.cpp”)
  
C:\Program Files\Microsoft Visual Studio\2022\Preview\VC\Tools\MSVC\14.39.33321\include\cstdlib(79,13): error C2873: “at_quick_exit”: 符号不能用在 using 声明中
  (编译源文件“../../../../../libraries/libcpp/src/tst.cpp”)
  
C:\Program Files\Microsoft Visual Studio\2022\Preview\VC\Tools\MSVC\14.39.33321\include\cstdlib(80,25): error C2039: "quick_exit": 不是 "`global namespace'" 的成员
  (编译源文件“../../../../../libraries/libcpp/src/tst.cpp”)
  
C:\Program Files\Microsoft Visual Studio\2022\Preview\VC\Tools\MSVC\14.39.33321\include\cstdlib(80,13): error C2873: “quick_exit”: 符号不能用在 using 声明中
  (编译源文件“../../../../../libraries/libcpp/src/tst.cpp”)
  
C:\Program Files\Microsoft Visual Studio\2022\Preview\VC\Tools\MSVC\14.39.33321\include\intrin0.inl.h(21,26): warning C4083: 应输入“)”；找到标识符“_VCRUNTIME_DISABLED_WARNINGS”
  (编译源文件“../../../../../libraries/libcpp/src/tst.cpp”)
  
C:\Program Files\Microsoft Visual Studio\2022\Preview\VC\Tools\MSVC\14.39.33321\include\cmath(36,40): error C2382: “acos”: 重定义；不同的异常规范
  (编译源文件“../../../../../libraries/libcpp/src/tst.cpp”)
  C:\Program Files (x86)\Windows Kits\10\Include\10.0.22621.0\km\crt\math.h(575,24):
  参见“acos”的声明
  
C:\Program Files\Microsoft Visual Studio\2022\Preview\VC\Tools\MSVC\14.39.33321\include\cmath(41,18): error C2039: "acoshf": 不是 "`global namespace'" 的成员
  (编译源文件“../../../../../libraries/libcpp/src/tst.cpp”)
  
C:\Program Files\Microsoft Visual Studio\2022\Preview\VC\Tools\MSVC\14.39.33321\include\cmath(41,18): error C3861: “acoshf”: 找不到标识符
  (编译源文件“../../../../../libraries/libcpp/src/tst.cpp”)
  
C:\Program Files\Microsoft Visual Studio\2022\Preview\VC\Tools\MSVC\14.39.33321\include\cmath(44,40): error C2382: “asin”: 重定义；不同的异常规范
  (编译源文件“../../../../../libraries/libcpp/src/tst.cpp”)
  C:\Program Files (x86)\Windows Kits\10\Include\10.0.22621.0\km\crt\math.h(577,24):
  参见“asin”的声明
  
C:\Program Files\Microsoft Visual Studio\2022\Preview\VC\Tools\MSVC\14.39.33321\include\cmath(49,18): error C2039: "asinhf": 不是 "`global namespace'" 的成员
  (编译源文件“../../../../../libraries/libcpp/src/tst.cpp”)
  
C:\Program Files\Microsoft Visual Studio\2022\Preview\VC\Tools\MSVC\14.39.33321\include\cmath(49,18): error C3861: “asinhf”: 找不到标识符
  (编译源文件“../../../../../libraries/libcpp/src/tst.cpp”)
  
C:\Program Files\Microsoft Visual Studio\2022\Preview\VC\Tools\MSVC\14.39.33321\include\cmath(52,40): error C2382: “atan”: 重定义；不同的异常规范
  (编译源文件“../../../../../libraries/libcpp/src/tst.cpp”)
  C:\Program Files (x86)\Windows Kits\10\Include\10.0.22621.0\km\crt\math.h(579,24):
  参见“atan”的声明
  
C:\Program Files\Microsoft Visual Studio\2022\Preview\VC\Tools\MSVC\14.39.33321\include\cmath(57,18): error C2039: "atanhf": 不是 "`global namespace'" 的成员
  (编译源文件“../../../../../libraries/libcpp/src/tst.cpp”)
  
C:\Program Files\Microsoft Visual Studio\2022\Preview\VC\Tools\MSVC\14.39.33321\include\cmath(57,18): error C3861: “atanhf”: 找不到标识符
  (编译源文件“../../../../../libraries/libcpp/src/tst.cpp”)
  
C:\Program Files\Microsoft Visual Studio\2022\Preview\VC\Tools\MSVC\14.39.33321\include\cmath(60,40): error C2382: “atan2”: 重定义；不同的异常规范
  (编译源文件“../../../../../libraries/libcpp/src/tst.cpp”)
  C:\Program Files (x86)\Windows Kits\10\Include\10.0.22621.0\km\crt\math.h(581,24):
  参见“atan2”的声明
  
C:\Program Files\Microsoft Visual Studio\2022\Preview\VC\Tools\MSVC\14.39.33321\include\cmath(65,18): error C2039: "cbrtf": 不是 "`global namespace'" 的成员
  (编译源文件“../../../../../libraries/libcpp/src/tst.cpp”)
  
C:\Program Files\Microsoft Visual Studio\2022\Preview\VC\Tools\MSVC\14.39.33321\include\cmath(65,18): error C3861: “cbrtf”: 找不到标识符
  (编译源文件“../../../../../libraries/libcpp/src/tst.cpp”)
  
C:\Program Files\Microsoft Visual Studio\2022\Preview\VC\Tools\MSVC\14.39.33321\include\cmath(68,40): error C2382: “ceil”: 重定义；不同的异常规范
  (编译源文件“../../../../../libraries/libcpp/src/tst.cpp”)
  C:\Program Files (x86)\Windows Kits\10\Include\10.0.22621.0\km\crt\math.h(583,24):
  参见“ceil”的声明
  
C:\Program Files\Microsoft Visual Studio\2022\Preview\VC\Tools\MSVC\14.39.33321\include\cmath(88,40): error C2382: “cos”: 重定义；不同的异常规范
  (编译源文件“../../../../../libraries/libcpp/src/tst.cpp”)
  C:\Program Files (x86)\Windows Kits\10\Include\10.0.22621.0\km\crt\math.h(585,24):
  参见“cos”的声明
  
C:\Program Files\Microsoft Visual Studio\2022\Preview\VC\Tools\MSVC\14.39.33321\include\cmath(92,40): error C2382: “cosh”: 重定义；不同的异常规范
  (编译源文件“../../../../../libraries/libcpp/src/tst.cpp”)
  C:\Program Files (x86)\Windows Kits\10\Include\10.0.22621.0\km\crt\math.h(587,24):
  参见“cosh”的声明
  
C:\Program Files\Microsoft Visual Studio\2022\Preview\VC\Tools\MSVC\14.39.33321\include\cmath(97,18): error C2039: "erff": 不是 "`global namespace'" 的成员
  (编译源文件“../../../../../libraries/libcpp/src/tst.cpp”)
  
C:\Program Files\Microsoft Visual Studio\2022\Preview\VC\Tools\MSVC\14.39.33321\include\cmath(97,18): error C3861: “erff”: 找不到标识符
  (编译源文件“../../../../../libraries/libcpp/src/tst.cpp”)
  
C:\Program Files\Microsoft Visual Studio\2022\Preview\VC\Tools\MSVC\14.39.33321\include\cmath(101,18): error C2039: "erfcf": 不是 "`global namespace'" 的成员
  (编译源文件“../../../../../libraries/libcpp/src/tst.cpp”)
  
C:\Program Files\Microsoft Visual Studio\2022\Preview\VC\Tools\MSVC\14.39.33321\include\cmath(101,18): error C3861: “erfcf”: 找不到标识符
  (编译源文件“../../../../../libraries/libcpp/src/tst.cpp”)
  
C:\Program Files\Microsoft Visual Studio\2022\Preview\VC\Tools\MSVC\14.39.33321\include\cmath(104,40): error C2382: “exp”: 重定义；不同的异常规范
  (编译源文件“../../../../../libraries/libcpp/src/tst.cpp”)
  C:\Program Files (x86)\Windows Kits\10\Include\10.0.22621.0\km\crt\math.h(589,24):
  参见“exp”的声明
  
C:\Program Files\Microsoft Visual Studio\2022\Preview\VC\Tools\MSVC\14.39.33321\include\cmath(109,18): error C2039: "exp2f": 不是 "`global namespace'" 的成员
  (编译源文件“../../../../../libraries/libcpp/src/tst.cpp”)
  
C:\Program Files\Microsoft Visual Studio\2022\Preview\VC\Tools\MSVC\14.39.33321\include\cmath(109,18): error C3861: “exp2f”: 找不到标识符
  (编译源文件“../../../../../libraries/libcpp/src/tst.cpp”)
  
C:\Program Files\Microsoft Visual Studio\2022\Preview\VC\Tools\MSVC\14.39.33321\include\cmath(113,18): error C2039: "expm1f": 不是 "`global namespace'" 的成员
  (编译源文件“../../../../../libraries/libcpp/src/tst.cpp”)
  
C:\Program Files\Microsoft Visual Studio\2022\Preview\VC\Tools\MSVC\14.39.33321\include\cmath(113,18): error C3861: “expm1f”: 找不到标识符
  (编译源文件“../../../../../libraries/libcpp/src/tst.cpp”)
  
C:\Program Files\Microsoft Visual Studio\2022\Preview\VC\Tools\MSVC\14.39.33321\include\cmath(116,40): error C2382: “fabs”: 重定义；不同的异常规范
  (编译源文件“../../../../../libraries/libcpp/src/tst.cpp”)
  C:\Program Files (x86)\Windows Kits\10\Include\10.0.22621.0\km\crt\math.h(591,24):
  参见“fabs”的声明
  
C:\Program Files\Microsoft Visual Studio\2022\Preview\VC\Tools\MSVC\14.39.33321\include\cmath(121,18): error C2039: "fdimf": 不是 "`global namespace'" 的成员
  (编译源文件“../../../../../libraries/libcpp/src/tst.cpp”)
  
C:\Program Files\Microsoft Visual Studio\2022\Preview\VC\Tools\MSVC\14.39.33321\include\cmath(121,18): error C3861: “fdimf”: 找不到标识符
  (编译源文件“../../../../../libraries/libcpp/src/tst.cpp”)
  
C:\Program Files\Microsoft Visual Studio\2022\Preview\VC\Tools\MSVC\14.39.33321\include\cmath(124,40): error C2382: “floor”: 重定义；不同的异常规范
  (编译源文件“../../../../../libraries/libcpp/src/tst.cpp”)
  C:\Program Files (x86)\Windows Kits\10\Include\10.0.22621.0\km\crt\math.h(593,24):
  参见“floor”的声明
  
C:\Program Files\Microsoft Visual Studio\2022\Preview\VC\Tools\MSVC\14.39.33321\include\cmath(135,18): error C2039: "fmaf": 不是 "`global namespace'" 的成员
  (编译源文件“../../../../../libraries/libcpp/src/tst.cpp”)
  
C:\Program Files\Microsoft Visual Studio\2022\Preview\VC\Tools\MSVC\14.39.33321\include\cmath(135,18): error C3861: “fmaf”: 找不到标识符
  (编译源文件“../../../../../libraries/libcpp/src/tst.cpp”)
  
C:\Program Files\Microsoft Visual Studio\2022\Preview\VC\Tools\MSVC\14.39.33321\include\cmath(139,18): error C2039: "fmaxf": 不是 "`global namespace'" 的成员
  (编译源文件“../../../../../libraries/libcpp/src/tst.cpp”)
  
C:\Program Files\Microsoft Visual Studio\2022\Preview\VC\Tools\MSVC\14.39.33321\include\cmath(139,18): error C3861: “fmaxf”: 找不到标识符
  (编译源文件“../../../../../libraries/libcpp/src/tst.cpp”)
  
C:\Program Files\Microsoft Visual Studio\2022\Preview\VC\Tools\MSVC\14.39.33321\include\cmath(143,18): error C2039: "fminf": 不是 "`global namespace'" 的成员
  (编译源文件“../../../../../libraries/libcpp/src/tst.cpp”)
  
C:\Program Files\Microsoft Visual Studio\2022\Preview\VC\Tools\MSVC\14.39.33321\include\cmath(143,18): error C3861: “fminf”: 找不到标识符
  (编译源文件“../../../../../libraries/libcpp/src/tst.cpp”)
  
C:\Program Files\Microsoft Visual Studio\2022\Preview\VC\Tools\MSVC\14.39.33321\include\cmath(146,40): error C2382: “fmod”: 重定义；不同的异常规范
  (编译源文件“../../../../../libraries/libcpp/src/tst.cpp”)
  C:\Program Files (x86)\Windows Kits\10\Include\10.0.22621.0\km\crt\math.h(595,24):
  参见“fmod”的声明
  
C:\Program Files\Microsoft Visual Studio\2022\Preview\VC\Tools\MSVC\14.39.33321\include\cmath(150,14): error C2382: “frexp”: 重定义；不同的异常规范
  (编译源文件“../../../../../libraries/libcpp/src/tst.cpp”)
  C:\Program Files (x86)\Windows Kits\10\Include\10.0.22621.0\km\crt\math.h(597,24):
  参见“frexp”的声明
  
C:\Program Files\Microsoft Visual Studio\2022\Preview\VC\Tools\MSVC\14.39.33321\include\cmath(159,18): error C2039: "ilogbf": 不是 "`global namespace'" 的成员
  (编译源文件“../../../../../libraries/libcpp/src/tst.cpp”)
  
C:\Program Files\Microsoft Visual Studio\2022\Preview\VC\Tools\MSVC\14.39.33321\include\cmath(159,18): error C3861: “ilogbf”: 找不到标识符
  (编译源文件“../../../../../libraries/libcpp/src/tst.cpp”)
  
C:\Program Files\Microsoft Visual Studio\2022\Preview\VC\Tools\MSVC\14.39.33321\include\cmath(162,40): error C2382: “ldexp”: 重定义；不同的异常规范
  (编译源文件“../../../../../libraries/libcpp/src/tst.cpp”)
  C:\Program Files (x86)\Windows Kits\10\Include\10.0.22621.0\km\crt\math.h(599,24):
  参见“ldexp”的声明
  
C:\Program Files\Microsoft Visual Studio\2022\Preview\VC\Tools\MSVC\14.39.33321\include\cmath(167,18): error C2039: "lgammaf": 不是 "`global namespace'" 的成员
  (编译源文件“../../../../../libraries/libcpp/src/tst.cpp”)
  
C:\Program Files\Microsoft Visual Studio\2022\Preview\VC\Tools\MSVC\14.39.33321\include\cmath(167,18): error C3861: “lgammaf”: 找不到标识符
  (编译源文件“../../../../../libraries/libcpp/src/tst.cpp”)
  
C:\Program Files\Microsoft Visual Studio\2022\Preview\VC\Tools\MSVC\14.39.33321\include\cmath(171,18): error C2039: "llrintf": 不是 "`global namespace'" 的成员
  (编译源文件“../../../../../libraries/libcpp/src/tst.cpp”)
  
C:\Program Files\Microsoft Visual Studio\2022\Preview\VC\Tools\MSVC\14.39.33321\include\cmath(171,18): error C3861: “llrintf”: 找不到标识符
  (编译源文件“../../../../../libraries/libcpp/src/tst.cpp”)
  
C:\Program Files\Microsoft Visual Studio\2022\Preview\VC\Tools\MSVC\14.39.33321\include\cmath(175,18): error C2039: "llroundf": 不是 "`global namespace'" 的成员
  (编译源文件“../../../../../libraries/libcpp/src/tst.cpp”)
  
C:\Program Files\Microsoft Visual Studio\2022\Preview\VC\Tools\MSVC\14.39.33321\include\cmath(175,18): error C3861: “llroundf”: 找不到标识符
  (编译源文件“../../../../../libraries/libcpp/src/tst.cpp”)
  
C:\Program Files\Microsoft Visual Studio\2022\Preview\VC\Tools\MSVC\14.39.33321\include\cmath(178,40): error C2382: “log”: 重定义；不同的异常规范
  (编译源文件“../../../../../libraries/libcpp/src/tst.cpp”)
  C:\Program Files (x86)\Windows Kits\10\Include\10.0.22621.0\km\crt\math.h(601,24):
  参见“log”的声明
  
C:\Program Files\Microsoft Visual Studio\2022\Preview\VC\Tools\MSVC\14.39.33321\include\cmath(182,40): error C2382: “log10”: 重定义；不同的异常规范
  (编译源文件“../../../../../libraries/libcpp/src/tst.cpp”)
  C:\Program Files (x86)\Windows Kits\10\Include\10.0.22621.0\km\crt\math.h(603,24):
  参见“log10”的声明
  
C:\Program Files\Microsoft Visual Studio\2022\Preview\VC\Tools\MSVC\14.39.33321\include\cmath(187,18): error C2039: "log1pf": 不是 "`global namespace'" 的成员
  (编译源文件“../../../../../libraries/libcpp/src/tst.cpp”)
  
C:\Program Files\Microsoft Visual Studio\2022\Preview\VC\Tools\MSVC\14.39.33321\include\cmath(187,18): error C3861: “log1pf”: 找不到标识符
  (编译源文件“../../../../../libraries/libcpp/src/tst.cpp”)
  
C:\Program Files\Microsoft Visual Studio\2022\Preview\VC\Tools\MSVC\14.39.33321\include\cmath(191,18): error C2039: "log2f": 不是 "`global namespace'" 的成员
  (编译源文件“../../../../../libraries/libcpp/src/tst.cpp”)
  
C:\Program Files\Microsoft Visual Studio\2022\Preview\VC\Tools\MSVC\14.39.33321\include\cmath(191,18): error C3861: “log2f”: 找不到标识符
  (编译源文件“../../../../../libraries/libcpp/src/tst.cpp”)
  
C:\Program Files\Microsoft Visual Studio\2022\Preview\VC\Tools\MSVC\14.39.33321\include\cmath(195,18): error C2039: "logbf": 不是 "`global namespace'" 的成员
  (编译源文件“../../../../../libraries/libcpp/src/tst.cpp”)
  
C:\Program Files\Microsoft Visual Studio\2022\Preview\VC\Tools\MSVC\14.39.33321\include\cmath(195,18): error C3861: “logbf”: 找不到标识符
  (编译源文件“../../../../../libraries/libcpp/src/tst.cpp”)
  
C:\Program Files\Microsoft Visual Studio\2022\Preview\VC\Tools\MSVC\14.39.33321\include\cmath(199,18): error C2039: "lrintf": 不是 "`global namespace'" 的成员
  (编译源文件“../../../../../libraries/libcpp/src/tst.cpp”)
  
C:\Program Files\Microsoft Visual Studio\2022\Preview\VC\Tools\MSVC\14.39.33321\include\cmath(199,18): error C3861: “lrintf”: 找不到标识符
  (编译源文件“../../../../../libraries/libcpp/src/tst.cpp”)
  
C:\Program Files\Microsoft Visual Studio\2022\Preview\VC\Tools\MSVC\14.39.33321\include\cmath(203,18): error C2039: "lroundf": 不是 "`global namespace'" 的成员
  (编译源文件“../../../../../libraries/libcpp/src/tst.cpp”)
  
C:\Program Files\Microsoft Visual Studio\2022\Preview\VC\Tools\MSVC\14.39.33321\include\cmath(203,18): error C3861: “lroundf”: 找不到标识符
  (编译源文件“../../../../../libraries/libcpp/src/tst.cpp”)
  
C:\Program Files\Microsoft Visual Studio\2022\Preview\VC\Tools\MSVC\14.39.33321\include\cmath(206,14): error C2382: “modf”: 重定义；不同的异常规范
  (编译源文件“../../../../../libraries/libcpp/src/tst.cpp”)
  C:\Program Files (x86)\Windows Kits\10\Include\10.0.22621.0\km\crt\math.h(605,24):
  参见“modf”的声明
  
C:\Program Files\Microsoft Visual Studio\2022\Preview\VC\Tools\MSVC\14.39.33321\include\cmath(211,18): error C2039: "nearbyintf": 不是 "`global namespace'" 的成员
  (编译源文件“../../../../../libraries/libcpp/src/tst.cpp”)
  
C:\Program Files\Microsoft Visual Studio\2022\Preview\VC\Tools\MSVC\14.39.33321\include\cmath(211,18): error C3861: “nearbyintf”: 找不到标识符
  (编译源文件“../../../../../libraries/libcpp/src/tst.cpp”)
  
C:\Program Files\Microsoft Visual Studio\2022\Preview\VC\Tools\MSVC\14.39.33321\include\cmath(215,18): error C2039: "nextafterf": 不是 "`global namespace'" 的成员
  (编译源文件“../../../../../libraries/libcpp/src/tst.cpp”)
  
C:\Program Files\Microsoft Visual Studio\2022\Preview\VC\Tools\MSVC\14.39.33321\include\cmath(215,18): error C3861: “nextafterf”: 找不到标识符
  (编译源文件“../../../../../libraries/libcpp/src/tst.cpp”)
  
C:\Program Files\Microsoft Visual Studio\2022\Preview\VC\Tools\MSVC\14.39.33321\include\cmath(219,18): error C2039: "nexttowardf": 不是 "`global namespace'" 的成员
  (编译源文件“../../../../../libraries/libcpp/src/tst.cpp”)
  
C:\Program Files\Microsoft Visual Studio\2022\Preview\VC\Tools\MSVC\14.39.33321\include\cmath(219,18): error C3861: “nexttowardf”: 找不到标识符
  (编译源文件“../../../../../libraries/libcpp/src/tst.cpp”)
  
C:\Program Files\Microsoft Visual Studio\2022\Preview\VC\Tools\MSVC\14.39.33321\include\cmath(222,40): error C2382: “pow”: 重定义；不同的异常规范
  (编译源文件“../../../../../libraries/libcpp/src/tst.cpp”)
  C:\Program Files (x86)\Windows Kits\10\Include\10.0.22621.0\km\crt\math.h(607,24):
  参见“pow”的声明
  
C:\Program Files\Microsoft Visual Studio\2022\Preview\VC\Tools\MSVC\14.39.33321\include\cmath(227,18): error C2039: "remainderf": 不是 "`global namespace'" 的成员
  (编译源文件“../../../../../libraries/libcpp/src/tst.cpp”)
  
C:\Program Files\Microsoft Visual Studio\2022\Preview\VC\Tools\MSVC\14.39.33321\include\cmath(227,18): error C3861: “remainderf”: 找不到标识符
  (编译源文件“../../../../../libraries/libcpp/src/tst.cpp”)
  
C:\Program Files\Microsoft Visual Studio\2022\Preview\VC\Tools\MSVC\14.39.33321\include\cmath(231,18): error C2039: "remquof": 不是 "`global namespace'" 的成员
  (编译源文件“../../../../../libraries/libcpp/src/tst.cpp”)
  
C:\Program Files\Microsoft Visual Studio\2022\Preview\VC\Tools\MSVC\14.39.33321\include\cmath(231,18): error C3861: “remquof”: 找不到标识符
  (编译源文件“../../../../../libraries/libcpp/src/tst.cpp”)
  
C:\Program Files\Microsoft Visual Studio\2022\Preview\VC\Tools\MSVC\14.39.33321\include\cmath(235,18): error C2039: "rintf": 不是 "`global namespace'" 的成员
  (编译源文件“../../../../../libraries/libcpp/src/tst.cpp”)
  
C:\Program Files\Microsoft Visual Studio\2022\Preview\VC\Tools\MSVC\14.39.33321\include\cmath(235,18): error C3861: “rintf”: 找不到标识符
  (编译源文件“../../../../../libraries/libcpp/src/tst.cpp”)
  
C:\Program Files\Microsoft Visual Studio\2022\Preview\VC\Tools\MSVC\14.39.33321\include\cmath(249,18): error C2039: "scalblnf": 不是 "`global namespace'" 的成员
  (编译源文件“../../../../../libraries/libcpp/src/tst.cpp”)
  
C:\Program Files\Microsoft Visual Studio\2022\Preview\VC\Tools\MSVC\14.39.33321\include\cmath(249,18): error C3861: “scalblnf”: 找不到标识符
  (编译源文件“../../../../../libraries/libcpp/src/tst.cpp”)
  
C:\Program Files\Microsoft Visual Studio\2022\Preview\VC\Tools\MSVC\14.39.33321\include\cmath(253,18): error C2039: "scalbnf": 不是 "`global namespace'" 的成员
  (编译源文件“../../../../../libraries/libcpp/src/tst.cpp”)
  
C:\Program Files\Microsoft Visual Studio\2022\Preview\VC\Tools\MSVC\14.39.33321\include\cmath(253,18): error C3861: “scalbnf”: 找不到标识符
  (编译源文件“../../../../../libraries/libcpp/src/tst.cpp”)
  
C:\Program Files\Microsoft Visual Studio\2022\Preview\VC\Tools\MSVC\14.39.33321\include\cmath(256,40): error C2382: “sin”: 重定义；不同的异常规范
  (编译源文件“../../../../../libraries/libcpp/src/tst.cpp”)
  C:\Program Files (x86)\Windows Kits\10\Include\10.0.22621.0\km\crt\math.h(611,24):
  参见“sin”的声明
  
C:\Program Files\Microsoft Visual Studio\2022\Preview\VC\Tools\MSVC\14.39.33321\include\cmath(256,40): error C1003: 错误计数超过 100；正在停止编译
  (编译源文件“../../../../../libraries/libcpp/src/tst.cpp”)
  
  正在生成代码...
